<?xml version="1.0" encoding="UTF-8"?>
<!-- Generated by org.testng.reporters.JUnitReportReporter -->
<testsuite hostname="Rv" failures="0" tests="1" name="ReportGenerator.ExtentReportNG" time="2.623" errors="0" timestamp="2023-02-08T11:46:08 IST" skipped="0">
  <testcase classname="ReportGenerator.ExtentReportNG" name="initaldemo" time="2.623"/>
  <system-out/>
</testsuite> <!-- ReportGenerator.ExtentReportNG -->
