<?xml version="1.0" encoding="UTF-8"?>
<!-- Generated by org.testng.reporters.JUnitReportReporter -->
<testsuite hostname="Rv" failures="0" tests="1" name="mainCode.RegistrationPage" time="6.722" errors="0" timestamp="2023-02-10T18:29:21 IST" skipped="0">
  <testcase classname="mainCode.RegistrationPage" name="ValidateRegistrationPage" time="6.722"/>
  <system-out/>
</testsuite> <!-- mainCode.RegistrationPage -->
