<?xml version="1.0" encoding="UTF-8"?>
<!-- Generated by org.testng.reporters.JUnitReportReporter -->
<testsuite hostname="Rv" failures="0" tests="1" name="OpenCart.EndToEnd" time="29.280" errors="0" timestamp="2023-02-05T21:58:44 IST" skipped="0">
  <testcase classname="OpenCart.EndToEnd" name="EndToEndPage" time="29.280"/>
  <system-out/>
</testsuite> <!-- OpenCart.EndToEnd -->
