<?xml version="1.0" encoding="UTF-8"?>
<!-- Generated by org.testng.reporters.JUnitReportReporter -->
<testsuite hostname="Rv" failures="0" tests="13" name="mainCode.ValidateRegisterationPage" time="43.890" errors="0" timestamp="2023-03-06T10:25:13 IST" skipped="0">
  <testcase classname="mainCode.ValidateRegisterationPage" name="VerifyLoginlinkWorkInRegisterPage" time="1.640"/>
  <system-out/>
  <testcase classname="mainCode.ValidateRegisterationPage" name="VerifytheSpellinginRegistrationFields" time="1.561"/>
  <system-out/>
  <testcase classname="mainCode.ValidateRegisterationPage" name="ValidateErrorMessageRegisterWithalreadyExistEmail" time="4.749"/>
  <system-out/>
  <testcase classname="mainCode.ValidateRegisterationPage" name="VerifyRegisterationPageLinkWorkInLoginPage" time="1.705"/>
  <system-out/>
  <testcase classname="mainCode.ValidateRegisterationPage" name="ValidaterefreshthePageOnRegistration" time="1.636"/>
  <system-out/>
  <testcase classname="mainCode.ValidateRegisterationPage" name="ValidateRegisterAfterclickinRegister" time="1.623"/>
  <system-out/>
  <testcase classname="mainCode.ValidateRegisterationPage" name="ValidateifUserEnterdataAfterreshdatawillbecleared" time="6.822"/>
  <system-out/>
  <testcase classname="mainCode.ValidateRegisterationPage" name="VerifyEmailfieldacceptOnlyacceptvalidemail" time="3.695"/>
  <system-out/>
  <testcase classname="mainCode.ValidateRegisterationPage" name="VeriyRegisterPageWithoutEnterFirstNme" time="5.800"/>
  <system-out/>
  <testcase classname="mainCode.ValidateRegisterationPage" name="VeriyRegisterPageWithoutLastFirstNme" time="5.751"/>
  <system-out/>
  <testcase classname="mainCode.ValidateRegisterationPage" name="Registerwithoutclickingprivacycheckbox" time="5.785"/>
  <system-out/>
  <testcase classname="mainCode.ValidateRegisterationPage" name="Validatetheregistrationtitleafterrefresh" time="1.551"/>
  <system-out/>
  <testcase classname="mainCode.ValidateRegisterationPage" name="VeriyasideRegisterLinkWorkInLoginPage" time="1.572"/>
  <system-out/>
</testsuite> <!-- mainCode.ValidateRegisterationPage -->
