<?xml version="1.0" encoding="UTF-8"?>
<!-- Generated by org.testng.reporters.JUnitReportReporter -->
<testsuite hostname="Rv" failures="0" tests="1" name="mainCode.EndToEnd" time="26.368" errors="0" timestamp="2023-03-15T10:30:23 IST" skipped="0">
  <testcase classname="mainCode.EndToEnd" name="EndToEndPage" time="26.368"/>
  <system-out/>
</testsuite> <!-- mainCode.EndToEnd -->
