<?xml version="1.0" encoding="UTF-8"?>
<!-- Generated by org.testng.reporters.JUnitReportReporter -->
<testsuite hostname="Rv" failures="0" tests="11" name="mainCode.ValidateLoginPage" time="33.487" errors="0" timestamp="2023-03-06T10:25:13 IST" skipped="0">
  <testcase classname="mainCode.ValidateLoginPage" name="LoginWithOutEmail" time="4.589"/>
  <system-out/>
  <testcase classname="mainCode.ValidateLoginPage" name="LoginWithOutCredential" time="2.545"/>
  <system-out/>
  <testcase classname="mainCode.ValidateLoginPage" name="VerifyTiltleAfterLogin" time="4.633"/>
  <system-out/>
  <testcase classname="mainCode.ValidateLoginPage" name="VerifySpellingLoginPage" time="1.472"/>
  <system-out/>
  <testcase classname="mainCode.ValidateLoginPage" name="Email_Case_Insensitive_Verification" time="3.582"/>
  <system-out/>
  <testcase classname="mainCode.ValidateLoginPage" name="VerifyForgetpasswordPage" time="1.665"/>
  <system-out/>
  <testcase classname="mainCode.ValidateLoginPage" name="LoginWithoutPassword" time="4.621"/>
  <system-out/>
  <testcase classname="mainCode.ValidateLoginPage" name="verify_refresh_loginpage" time="2.674"/>
  <system-out/>
  <testcase classname="mainCode.ValidateLoginPage" name="validateLoginLinkOnHomePage" time="1.455"/>
  <system-out/>
  <testcase classname="mainCode.ValidateLoginPage" name="VerifyasideForgetpasswordLink" time="1.636"/>
  <system-out/>
  <testcase classname="mainCode.ValidateLoginPage" name="withValidcredential" time="4.615"/>
  <system-out/>
</testsuite> <!-- mainCode.ValidateLoginPage -->
