<?xml version="1.0" encoding="UTF-8"?>
<!-- Generated by org.testng.reporters.JUnitReportReporter -->
<testsuite hostname="Rv" failures="0" tests="3" name="mainCode.ValidateLinks" time="27.552" errors="0" timestamp="2023-03-06T10:25:13 IST" skipped="0">
  <testcase classname="mainCode.ValidateLinks" name="ValidateasideLinks" time="6.232"/>
  <system-out/>
  <testcase classname="mainCode.ValidateLinks" name="ValidatemainLinks" time="6.358"/>
  <system-out/>
  <testcase classname="mainCode.ValidateLinks" name="ValidatefooterLinks" time="14.962"/>
  <system-out/>
</testsuite> <!-- mainCode.ValidateLinks -->
