<?xml version="1.0" encoding="UTF-8"?>
<!-- Generated by org.testng.reporters.JUnitReportReporter -->
<testsuite hostname="Rv" failures="0" tests="3" name="mainCode.UITesting" time="7.363" errors="0" timestamp="2023-03-06T10:25:13 IST" skipped="0">
  <testcase classname="mainCode.UITesting" name="VerifyHomePageTitle" time="1.283"/>
  <system-out/>
  <testcase classname="mainCode.UITesting" name="VerifyLoginPageTitle" time="1.470"/>
  <system-out/>
  <testcase classname="mainCode.UITesting" name="VerifyAccountPageTitle" time="4.610"/>
  <system-out/>
</testsuite> <!-- mainCode.UITesting -->
